2026-07-18 17:49:41,597 - aqt.main - INFO - installer 1776 aqtinstall(aqt) v3.3.0 on Python 3.12.10 [CPython MSC v.1943 64 bit (AMD64)]
2026-07-18 17:49:41,597 - aqt.helper - DEBUG - helper 1776 Attempt to download checksum at https://download.qt.io/online/qtsdkrepository/windows_x86/desktop/qt6_673/Updates.xml.sha256
2026-07-18 17:49:43,884 - aqt.helper - DEBUG - helper 2656 Attempt to download checksum at https://download.qt.io/online/qtsdkrepository/windows_x86/desktop/qt6_673/qt.qt6.673.win64_msvc2019_64/6.7.3-0-202409200836qtbase-Windows-Windows_10_22H2-MSVC2019-Windows-Windows_10_22H2-X86_64.7z.sha256
2026-07-18 17:49:43,884 - aqt.helper - DEBUG - helper 18996 Attempt to download checksum at https://download.qt.io/online/qtsdkrepository/windows_x86/desktop/qt6_673/qt.qt6.673.win64_msvc2019_64/6.7.3-0-202409200836qtsvg-Windows-Windows_10_22H2-MSVC2019-Windows-Windows_10_22H2-X86_64.7z.sha256
2026-07-18 17:49:43,884 - aqt.helper - DEBUG - helper 23800 Attempt to download checksum at https://download.qt.io/online/qtsdkrepository/windows_x86/desktop/qt6_673/qt.qt6.673.win64_msvc2019_64/6.7.3-0-202409200836qtdeclarative-Windows-Windows_10_22H2-MSVC2019-Windows-Windows_10_22H2-X86_64.7z.sha256
2026-07-18 17:49:43,900 - aqt.helper - DEBUG - helper 22520 Attempt to download checksum at https://download.qt.io/online/qtsdkrepository/windows_x86/desktop/qt6_673/qt.qt6.673.win64_msvc2019_64/6.7.3-0-202409200836qttools-Windows-Windows_10_22H2-MSVC2019-Windows-Windows_10_22H2-X86_64.7z.sha256
2026-07-18 17:49:44,749 - aqt.helper - INFO - helper 23800 Downloading qtdeclarative...
2026-07-18 17:49:44,750 - aqt.installer - DEBUG - installer 23800 Download URL: https://download.qt.io/online/qtsdkrepository/windows_x86/desktop/qt6_673/qt.qt6.673.win64_msvc2019_64/6.7.3-0-202409200836qtdeclarative-Windows-Windows_10_22H2-MSVC2019-Windows-Windows_10_22H2-X86_64.7z
2026-07-18 17:49:44,758 - aqt.helper - INFO - helper 2656 Downloading qtbase...
2026-07-18 17:49:44,758 - aqt.installer - DEBUG - installer 2656 Download URL: https://download.qt.io/online/qtsdkrepository/windows_x86/desktop/qt6_673/qt.qt6.673.win64_msvc2019_64/6.7.3-0-202409200836qtbase-Windows-Windows_10_22H2-MSVC2019-Windows-Windows_10_22H2-X86_64.7z
2026-07-18 17:49:44,764 - aqt.helper - INFO - helper 18996 Downloading qtsvg...
2026-07-18 17:49:44,764 - aqt.installer - DEBUG - installer 18996 Download URL: https://download.qt.io/online/qtsdkrepository/windows_x86/desktop/qt6_673/qt.qt6.673.win64_msvc2019_64/6.7.3-0-202409200836qtsvg-Windows-Windows_10_22H2-MSVC2019-Windows-Windows_10_22H2-X86_64.7z
2026-07-18 17:49:44,844 - aqt.helper - INFO - helper 22520 Downloading qttools...
2026-07-18 17:49:44,844 - aqt.installer - DEBUG - installer 22520 Download URL: https://download.qt.io/online/qtsdkrepository/windows_x86/desktop/qt6_673/qt.qt6.673.win64_msvc2019_64/6.7.3-0-202409200836qttools-Windows-Windows_10_22H2-MSVC2019-Windows-Windows_10_22H2-X86_64.7z
2026-07-18 17:49:45,668 - aqt.helper - DEBUG - helper 18996 Asked to redirect(302) to: https://qt.mirror.constant.com/online/qtsdkrepository/windows_x86/desktop/qt6_673/qt.qt6.673.win64_msvc2019_64/6.7.3-0-202409200836qtsvg-Windows-Windows_10_22H2-MSVC2019-Windows-Windows_10_22H2-X86_64.7z
2026-07-18 17:49:45,668 - aqt.helper - INFO - helper 18996 Redirected: qt.mirror.constant.com
2026-07-18 17:49:45,684 - aqt.helper - DEBUG - helper 23800 Asked to redirect(302) to: https://qt.mirror.constant.com/online/qtsdkrepository/windows_x86/desktop/qt6_673/qt.qt6.673.win64_msvc2019_64/6.7.3-0-202409200836qtdeclarative-Windows-Windows_10_22H2-MSVC2019-Windows-Windows_10_22H2-X86_64.7z
2026-07-18 17:49:45,684 - aqt.helper - INFO - helper 23800 Redirected: qt.mirror.constant.com
2026-07-18 17:49:45,685 - aqt.helper - DEBUG - helper 2656 Asked to redirect(302) to: https://qt.mirror.constant.com/online/qtsdkrepository/windows_x86/desktop/qt6_673/qt.qt6.673.win64_msvc2019_64/6.7.3-0-202409200836qtbase-Windows-Windows_10_22H2-MSVC2019-Windows-Windows_10_22H2-X86_64.7z
2026-07-18 17:49:45,685 - aqt.helper - INFO - helper 2656 Redirected: qt.mirror.constant.com
2026-07-18 17:49:45,718 - aqt.helper - DEBUG - helper 22520 Asked to redirect(302) to: https://qt.mirror.constant.com/online/qtsdkrepository/windows_x86/desktop/qt6_673/qt.qt6.673.win64_msvc2019_64/6.7.3-0-202409200836qttools-Windows-Windows_10_22H2-MSVC2019-Windows-Windows_10_22H2-X86_64.7z
2026-07-18 17:49:45,718 - aqt.helper - INFO - helper 22520 Redirected: qt.mirror.constant.com
2026-07-18 17:49:46,635 - aqt.installer - INFO - installer 18996 Finished installation of qtsvg-Windows-Windows_10_22H2-MSVC2019-Windows-Windows_10_22H2-X86_64.7z in 2.75190630
2026-07-18 17:49:46,661 - aqt.helper - DEBUG - helper 18996 Attempt to download checksum at https://download.qt.io/online/qtsdkrepository/windows_x86/desktop/qt6_673/qt.qt6.673.win64_msvc2019_64/6.7.3-0-202409200836qttranslations-Windows-Windows_10_22H2-MSVC2019-Windows-Windows_10_22H2-X86_64.7z.sha256
2026-07-18 17:49:47,444 - aqt.helper - INFO - helper 18996 Downloading qttranslations...
2026-07-18 17:49:47,444 - aqt.installer - DEBUG - installer 18996 Download URL: https://download.qt.io/online/qtsdkrepository/windows_x86/desktop/qt6_673/qt.qt6.673.win64_msvc2019_64/6.7.3-0-202409200836qttranslations-Windows-Windows_10_22H2-MSVC2019-Windows-Windows_10_22H2-X86_64.7z
2026-07-18 17:49:48,277 - aqt.helper - DEBUG - helper 18996 Asked to redirect(302) to: https://qt.mirror.constant.com/online/qtsdkrepository/windows_x86/desktop/qt6_673/qt.qt6.673.win64_msvc2019_64/6.7.3-0-202409200836qttranslations-Windows-Windows_10_22H2-MSVC2019-Windows-Windows_10_22H2-X86_64.7z
2026-07-18 17:49:48,277 - aqt.helper - INFO - helper 18996 Redirected: qt.mirror.constant.com
2026-07-18 17:49:49,634 - aqt.installer - INFO - installer 18996 Finished installation of qttranslations-Windows-Windows_10_22H2-MSVC2019-Windows-Windows_10_22H2-X86_64.7z in 2.97792390
2026-07-18 17:49:49,634 - aqt.helper - DEBUG - helper 18996 Attempt to download checksum at https://download.qt.io/online/qtsdkrepository/windows_x86/desktop/qt6_673/qt.qt6.673.win64_msvc2019_64/6.7.3-0-202409200836d3dcompiler_47-x64.7z.sha256
2026-07-18 17:49:50,298 - aqt.installer - INFO - installer 22520 Finished installation of qttools-Windows-Windows_10_22H2-MSVC2019-Windows-Windows_10_22H2-X86_64.7z in 6.39688150
2026-07-18 17:49:50,318 - aqt.helper - DEBUG - helper 22520 Attempt to download checksum at https://download.qt.io/online/qtsdkrepository/windows_x86/desktop/qt6_673/qt.qt6.673.win64_msvc2019_64/6.7.3-0-202409200836opengl32sw-64-mesa_11_2_2-signed_sha256.7z.sha256
2026-07-18 17:49:50,455 - aqt.helper - INFO - helper 18996 Downloading d3dcompiler_47...
2026-07-18 17:49:50,455 - aqt.installer - DEBUG - installer 18996 Download URL: https://download.qt.io/online/qtsdkrepository/windows_x86/desktop/qt6_673/qt.qt6.673.win64_msvc2019_64/6.7.3-0-202409200836d3dcompiler_47-x64.7z
2026-07-18 17:49:51,219 - aqt.helper - INFO - helper 22520 Downloading opengl32sw...
2026-07-18 17:49:51,220 - aqt.installer - DEBUG - installer 22520 Download URL: https://download.qt.io/online/qtsdkrepository/windows_x86/desktop/qt6_673/qt.qt6.673.win64_msvc2019_64/6.7.3-0-202409200836opengl32sw-64-mesa_11_2_2-signed_sha256.7z
2026-07-18 17:49:51,389 - aqt.helper - DEBUG - helper 18996 Asked to redirect(302) to: https://qt.mirror.constant.com/online/qtsdkrepository/windows_x86/desktop/qt6_673/qt.qt6.673.win64_msvc2019_64/6.7.3-0-202409200836d3dcompiler_47-x64.7z
2026-07-18 17:49:51,389 - aqt.helper - INFO - helper 18996 Redirected: qt.mirror.constant.com
2026-07-18 17:49:52,114 - aqt.helper - DEBUG - helper 22520 Asked to redirect(302) to: https://qt.mirror.constant.com/online/qtsdkrepository/windows_x86/desktop/qt6_673/qt.qt6.673.win64_msvc2019_64/6.7.3-0-202409200836opengl32sw-64-mesa_11_2_2-signed_sha256.7z
2026-07-18 17:49:52,114 - aqt.helper - INFO - helper 22520 Redirected: qt.mirror.constant.com
2026-07-18 17:49:52,271 - aqt.installer - INFO - installer 18996 Finished installation of d3dcompiler_47-x64.7z in 2.62517870
2026-07-18 17:49:53,320 - aqt.installer - INFO - installer 22520 Finished installation of opengl32sw-64-mesa_11_2_2-signed_sha256.7z in 3.00442980
2026-07-18 17:49:57,333 - aqt.installer - INFO - installer 2656 Finished installation of qtbase-Windows-Windows_10_22H2-MSVC2019-Windows-Windows_10_22H2-X86_64.7z in 13.44645360
2026-07-18 17:50:06,901 - aqt.installer - INFO - installer 23800 Finished installation of qtdeclarative-Windows-Windows_10_22H2-MSVC2019-Windows-Windows_10_22H2-X86_64.7z in 23.01150240
2026-07-18 17:50:07,180 - aqt.updater - INFO - updater 1776 Patching C:\Qt\6.7.3\msvc2019_64\bin\qmake.exe
2026-07-18 17:50:07,184 - aqt.updater - INFO - updater 1776 Patching C:\Qt\6.7.3\msvc2019_64\lib\Qt6Concurrent.prl
2026-07-18 17:50:07,185 - aqt.updater - INFO - updater 1776 Patching C:\Qt\6.7.3\msvc2019_64\lib\Qt6Concurrentd.prl
2026-07-18 17:50:07,185 - aqt.updater - INFO - updater 1776 Patching C:\Qt\6.7.3\msvc2019_64\lib\Qt6Core.prl
2026-07-18 17:50:07,185 - aqt.updater - INFO - updater 1776 Patching C:\Qt\6.7.3\msvc2019_64\lib\Qt6Cored.prl
2026-07-18 17:50:07,185 - aqt.updater - INFO - updater 1776 Patching C:\Qt\6.7.3\msvc2019_64\lib\Qt6DBus.prl
2026-07-18 17:50:07,185 - aqt.updater - INFO - updater 1776 Patching C:\Qt\6.7.3\msvc2019_64\lib\Qt6DBusd.prl
2026-07-18 17:50:07,185 - aqt.updater - INFO - updater 1776 Patching C:\Qt\6.7.3\msvc2019_64\lib\Qt6Designer.prl
2026-07-18 17:50:07,185 - aqt.updater - INFO - updater 1776 Patching C:\Qt\6.7.3\msvc2019_64\lib\Qt6DesignerComponents.prl
2026-07-18 17:50:07,185 - aqt.updater - INFO - updater 1776 Patching C:\Qt\6.7.3\msvc2019_64\lib\Qt6DesignerComponentsd.prl
2026-07-18 17:50:07,185 - aqt.updater - INFO - updater 1776 Patching C:\Qt\6.7.3\msvc2019_64\lib\Qt6Designerd.prl
2026-07-18 17:50:07,185 - aqt.updater - INFO - updater 1776 Patching C:\Qt\6.7.3\msvc2019_64\lib\Qt6DeviceDiscoverySupport.prl
2026-07-18 17:50:07,185 - aqt.updater - INFO - updater 1776 Patching C:\Qt\6.7.3\msvc2019_64\lib\Qt6DeviceDiscoverySupportd.prl
2026-07-18 17:50:07,185 - aqt.updater - INFO - updater 1776 Patching C:\Qt\6.7.3\msvc2019_64\lib\Qt6EntryPoint.prl
2026-07-18 17:50:07,185 - aqt.updater - INFO - updater 1776 Patching C:\Qt\6.7.3\msvc2019_64\lib\Qt6EntryPointd.prl
2026-07-18 17:50:07,185 - aqt.updater - INFO - updater 1776 Patching C:\Qt\6.7.3\msvc2019_64\lib\Qt6ExampleIcons.prl
2026-07-18 17:50:07,185 - aqt.updater - INFO - updater 1776 Patching C:\Qt\6.7.3\msvc2019_64\lib\Qt6ExampleIconsd.prl
2026-07-18 17:50:07,185 - aqt.updater - INFO - updater 1776 Patching C:\Qt\6.7.3\msvc2019_64\lib\Qt6FbSupport.prl
2026-07-18 17:50:07,185 - aqt.updater - INFO - updater 1776 Patching C:\Qt\6.7.3\msvc2019_64\lib\Qt6FbSupportd.prl
2026-07-18 17:50:07,185 - aqt.updater - INFO - updater 1776 Patching C:\Qt\6.7.3\msvc2019_64\lib\Qt6Gui.prl
2026-07-18 17:50:07,185 - aqt.updater - INFO - updater 1776 Patching C:\Qt\6.7.3\msvc2019_64\lib\Qt6Guid.prl
2026-07-18 17:50:07,185 - aqt.updater - INFO - updater 1776 Patching C:\Qt\6.7.3\msvc2019_64\lib\Qt6Help.prl
2026-07-18 17:50:07,185 - aqt.updater - INFO - updater 1776 Patching C:\Qt\6.7.3\msvc2019_64\lib\Qt6Helpd.prl
2026-07-18 17:50:07,185 - aqt.updater - INFO - updater 1776 Patching C:\Qt\6.7.3\msvc2019_64\lib\Qt6LabsAnimation.prl
2026-07-18 17:50:07,185 - aqt.updater - INFO - updater 1776 Patching C:\Qt\6.7.3\msvc2019_64\lib\Qt6LabsAnimationd.prl
2026-07-18 17:50:07,185 - aqt.updater - INFO - updater 1776 Patching C:\Qt\6.7.3\msvc2019_64\lib\Qt6LabsFolderListModel.prl
2026-07-18 17:50:07,185 - aqt.updater - INFO - updater 1776 Patching C:\Qt\6.7.3\msvc2019_64\lib\Qt6LabsFolderListModeld.prl
2026-07-18 17:50:07,185 - aqt.updater - INFO - updater 1776 Patching C:\Qt\6.7.3\msvc2019_64\lib\Qt6LabsQmlModels.prl
2026-07-18 17:50:07,200 - aqt.updater - INFO - updater 1776 Patching C:\Qt\6.7.3\msvc2019_64\lib\Qt6LabsQmlModelsd.prl
2026-07-18 17:50:07,200 - aqt.updater - INFO - updater 1776 Patching C:\Qt\6.7.3\msvc2019_64\lib\Qt6LabsSettings.prl
2026-07-18 17:50:07,201 - aqt.updater - INFO - updater 1776 Patching C:\Qt\6.7.3\msvc2019_64\lib\Qt6LabsSettingsd.prl
2026-07-18 17:50:07,201 - aqt.updater - INFO - updater 1776 Patching C:\Qt\6.7.3\msvc2019_64\lib\Qt6LabsSharedImage.prl
2026-07-18 17:50:07,201 - aqt.updater - INFO - updater 1776 Patching C:\Qt\6.7.3\msvc2019_64\lib\Qt6LabsSharedImaged.prl
2026-07-18 17:50:07,201 - aqt.updater - INFO - updater 1776 Patching C:\Qt\6.7.3\msvc2019_64\lib\Qt6LabsWavefrontMesh.prl
2026-07-18 17:50:07,201 - aqt.updater - INFO - updater 1776 Patching C:\Qt\6.7.3\msvc2019_64\lib\Qt6LabsWavefrontMeshd.prl
2026-07-18 17:50:07,201 - aqt.updater - INFO - updater 1776 Patching C:\Qt\6.7.3\msvc2019_64\lib\Qt6Network.prl
2026-07-18 17:50:07,201 - aqt.updater - INFO - updater 1776 Patching C:\Qt\6.7.3\msvc2019_64\lib\Qt6Networkd.prl
2026-07-18 17:50:07,201 - aqt.updater - INFO - updater 1776 Patching C:\Qt\6.7.3\msvc2019_64\lib\Qt6OpenGL.prl
2026-07-18 17:50:07,201 - aqt.updater - INFO - updater 1776 Patching C:\Qt\6.7.3\msvc2019_64\lib\Qt6OpenGLd.prl
2026-07-18 17:50:07,201 - aqt.updater - INFO - updater 1776 Patching C:\Qt\6.7.3\msvc2019_64\lib\Qt6OpenGLWidgets.prl
2026-07-18 17:50:07,201 - aqt.updater - INFO - updater 1776 Patching C:\Qt\6.7.3\msvc2019_64\lib\Qt6OpenGLWidgetsd.prl
2026-07-18 17:50:07,201 - aqt.updater - INFO - updater 1776 Patching C:\Qt\6.7.3\msvc2019_64\lib\Qt6PacketProtocol.prl
2026-07-18 17:50:07,201 - aqt.updater - INFO - updater 1776 Patching C:\Qt\6.7.3\msvc2019_64\lib\Qt6PacketProtocold.prl
2026-07-18 17:50:07,201 - aqt.updater - INFO - updater 1776 Patching C:\Qt\6.7.3\msvc2019_64\lib\Qt6PrintSupport.prl
2026-07-18 17:50:07,201 - aqt.updater - INFO - updater 1776 Patching C:\Qt\6.7.3\msvc2019_64\lib\Qt6PrintSupportd.prl
2026-07-18 17:50:07,201 - aqt.updater - INFO - updater 1776 Patching C:\Qt\6.7.3\msvc2019_64\lib\Qt6Qml.prl
2026-07-18 17:50:07,201 - aqt.updater - INFO - updater 1776 Patching C:\Qt\6.7.3\msvc2019_64\lib\Qt6QmlBuiltins.prl
2026-07-18 17:50:07,201 - aqt.updater - INFO - updater 1776 Patching C:\Qt\6.7.3\msvc2019_64\lib\Qt6QmlBuiltinsd.prl
2026-07-18 17:50:07,201 - aqt.updater - INFO - updater 1776 Patching C:\Qt\6.7.3\msvc2019_64\lib\Qt6QmlCompiler.prl
2026-07-18 17:50:07,201 - aqt.updater - INFO - updater 1776 Patching C:\Qt\6.7.3\msvc2019_64\lib\Qt6QmlCompilerd.prl
2026-07-18 17:50:07,201 - aqt.updater - INFO - updater 1776 Patching C:\Qt\6.7.3\msvc2019_64\lib\Qt6QmlCore.prl
2026-07-18 17:50:07,201 - aqt.updater - INFO - updater 1776 Patching C:\Qt\6.7.3\msvc2019_64\lib\Qt6QmlCored.prl
2026-07-18 17:50:07,201 - aqt.updater - INFO - updater 1776 Patching C:\Qt\6.7.3\msvc2019_64\lib\Qt6Qmld.prl
2026-07-18 17:50:07,201 - aqt.updater - INFO - updater 1776 Patching C:\Qt\6.7.3\msvc2019_64\lib\Qt6QmlDebug.prl
2026-07-18 17:50:07,201 - aqt.updater - INFO - updater 1776 Patching C:\Qt\6.7.3\msvc2019_64\lib\Qt6QmlDebugd.prl
2026-07-18 17:50:07,201 - aqt.updater - INFO - updater 1776 Patching C:\Qt\6.7.3\msvc2019_64\lib\Qt6QmlDom.prl
2026-07-18 17:50:07,201 - aqt.updater - INFO - updater 1776 Patching C:\Qt\6.7.3\msvc2019_64\lib\Qt6QmlDomd.prl
2026-07-18 17:50:07,201 - aqt.updater - INFO - updater 1776 Patching C:\Qt\6.7.3\msvc2019_64\lib\Qt6QmlLocalStorage.prl
2026-07-18 17:50:07,216 - aqt.updater - INFO - updater 1776 Patching C:\Qt\6.7.3\msvc2019_64\lib\Qt6QmlLocalStoraged.prl
2026-07-18 17:50:07,216 - aqt.updater - INFO - updater 1776 Patching C:\Qt\6.7.3\msvc2019_64\lib\Qt6QmlLS.prl
2026-07-18 17:50:07,217 - aqt.updater - INFO - updater 1776 Patching C:\Qt\6.7.3\msvc2019_64\lib\Qt6QmlLSd.prl
2026-07-18 17:50:07,218 - aqt.updater - INFO - updater 1776 Patching C:\Qt\6.7.3\msvc2019_64\lib\Qt6QmlModels.prl
2026-07-18 17:50:07,218 - aqt.updater - INFO - updater 1776 Patching C:\Qt\6.7.3\msvc2019_64\lib\Qt6QmlModelsd.prl
2026-07-18 17:50:07,218 - aqt.updater - INFO - updater 1776 Patching C:\Qt\6.7.3\msvc2019_64\lib\Qt6QmlNetwork.prl
2026-07-18 17:50:07,218 - aqt.updater - INFO - updater 1776 Patching C:\Qt\6.7.3\msvc2019_64\lib\Qt6QmlNetworkd.prl
2026-07-18 17:50:07,218 - aqt.updater - INFO - updater 1776 Patching C:\Qt\6.7.3\msvc2019_64\lib\Qt6QmlToolingSettings.prl
2026-07-18 17:50:07,218 - aqt.updater - INFO - updater 1776 Patching C:\Qt\6.7.3\msvc2019_64\lib\Qt6QmlToolingSettingsd.prl
2026-07-18 17:50:07,218 - aqt.updater - INFO - updater 1776 Patching C:\Qt\6.7.3\msvc2019_64\lib\Qt6QmlTypeRegistrar.prl
2026-07-18 17:50:07,218 - aqt.updater - INFO - updater 1776 Patching C:\Qt\6.7.3\msvc2019_64\lib\Qt6QmlTypeRegistrard.prl
2026-07-18 17:50:07,218 - aqt.updater - INFO - updater 1776 Patching C:\Qt\6.7.3\msvc2019_64\lib\Qt6QmlWorkerScript.prl
2026-07-18 17:50:07,218 - aqt.updater - INFO - updater 1776 Patching C:\Qt\6.7.3\msvc2019_64\lib\Qt6QmlWorkerScriptd.prl
2026-07-18 17:50:07,218 - aqt.updater - INFO - updater 1776 Patching C:\Qt\6.7.3\msvc2019_64\lib\Qt6QmlXmlListModel.prl
2026-07-18 17:50:07,218 - aqt.updater - INFO - updater 1776 Patching C:\Qt\6.7.3\msvc2019_64\lib\Qt6QmlXmlListModeld.prl
2026-07-18 17:50:07,218 - aqt.updater - INFO - updater 1776 Patching C:\Qt\6.7.3\msvc2019_64\lib\Qt6Quick.prl
2026-07-18 17:50:07,218 - aqt.updater - INFO - updater 1776 Patching C:\Qt\6.7.3\msvc2019_64\lib\Qt6QuickControls2.prl
2026-07-18 17:50:07,218 - aqt.updater - INFO - updater 1776 Patching C:\Qt\6.7.3\msvc2019_64\lib\Qt6QuickControls2Basic.prl
2026-07-18 17:50:07,218 - aqt.updater - INFO - updater 1776 Patching C:\Qt\6.7.3\msvc2019_64\lib\Qt6QuickControls2Basicd.prl
2026-07-18 17:50:07,218 - aqt.updater - INFO - updater 1776 Patching C:\Qt\6.7.3\msvc2019_64\lib\Qt6QuickControls2BasicStyleImpl.prl
2026-07-18 17:50:07,218 - aqt.updater - INFO - updater 1776 Patching C:\Qt\6.7.3\msvc2019_64\lib\Qt6QuickControls2BasicStyleImpld.prl
2026-07-18 17:50:07,218 - aqt.updater - INFO - updater 1776 Patching C:\Qt\6.7.3\msvc2019_64\lib\Qt6QuickControls2d.prl
2026-07-18 17:50:07,218 - aqt.updater - INFO - updater 1776 Patching C:\Qt\6.7.3\msvc2019_64\lib\Qt6QuickControls2Fusion.prl
2026-07-18 17:50:07,218 - aqt.updater - INFO - updater 1776 Patching C:\Qt\6.7.3\msvc2019_64\lib\Qt6QuickControls2Fusiond.prl
2026-07-18 17:50:07,218 - aqt.updater - INFO - updater 1776 Patching C:\Qt\6.7.3\msvc2019_64\lib\Qt6QuickControls2FusionStyleImpl.prl
2026-07-18 17:50:07,218 - aqt.updater - INFO - updater 1776 Patching C:\Qt\6.7.3\msvc2019_64\lib\Qt6QuickControls2FusionStyleImpld.prl
2026-07-18 17:50:07,218 - aqt.updater - INFO - updater 1776 Patching C:\Qt\6.7.3\msvc2019_64\lib\Qt6QuickControls2Imagine.prl
2026-07-18 17:50:07,218 - aqt.updater - INFO - updater 1776 Patching C:\Qt\6.7.3\msvc2019_64\lib\Qt6QuickControls2Imagined.prl
2026-07-18 17:50:07,218 - aqt.updater - INFO - updater 1776 Patching C:\Qt\6.7.3\msvc2019_64\lib\Qt6QuickControls2ImagineStyleImpl.prl
2026-07-18 17:50:07,218 - aqt.updater - INFO - updater 1776 Patching C:\Qt\6.7.3\msvc2019_64\lib\Qt6QuickControls2ImagineStyleImpld.prl
2026-07-18 17:50:07,218 - aqt.updater - INFO - updater 1776 Patching C:\Qt\6.7.3\msvc2019_64\lib\Qt6QuickControls2Impl.prl
2026-07-18 17:50:07,218 - aqt.updater - INFO - updater 1776 Patching C:\Qt\6.7.3\msvc2019_64\lib\Qt6QuickControls2Impld.prl
2026-07-18 17:50:07,233 - aqt.updater - INFO - updater 1776 Patching C:\Qt\6.7.3\msvc2019_64\lib\Qt6QuickControls2Material.prl
2026-07-18 17:50:07,233 - aqt.updater - INFO - updater 1776 Patching C:\Qt\6.7.3\msvc2019_64\lib\Qt6QuickControls2Materiald.prl
2026-07-18 17:50:07,234 - aqt.updater - INFO - updater 1776 Patching C:\Qt\6.7.3\msvc2019_64\lib\Qt6QuickControls2MaterialStyleImpl.prl
2026-07-18 17:50:07,234 - aqt.updater - INFO - updater 1776 Patching C:\Qt\6.7.3\msvc2019_64\lib\Qt6QuickControls2MaterialStyleImpld.prl
2026-07-18 17:50:07,234 - aqt.updater - INFO - updater 1776 Patching C:\Qt\6.7.3\msvc2019_64\lib\Qt6QuickControls2Universal.prl
2026-07-18 17:50:07,234 - aqt.updater - INFO - updater 1776 Patching C:\Qt\6.7.3\msvc2019_64\lib\Qt6QuickControls2Universald.prl
2026-07-18 17:50:07,234 - aqt.updater - INFO - updater 1776 Patching C:\Qt\6.7.3\msvc2019_64\lib\Qt6QuickControls2UniversalStyleImpl.prl
2026-07-18 17:50:07,234 - aqt.updater - INFO - updater 1776 Patching C:\Qt\6.7.3\msvc2019_64\lib\Qt6QuickControls2UniversalStyleImpld.prl
2026-07-18 17:50:07,234 - aqt.updater - INFO - updater 1776 Patching C:\Qt\6.7.3\msvc2019_64\lib\Qt6QuickControls2WindowsStyleImpl.prl
2026-07-18 17:50:07,234 - aqt.updater - INFO - updater 1776 Patching C:\Qt\6.7.3\msvc2019_64\lib\Qt6QuickControls2WindowsStyleImpld.prl
2026-07-18 17:50:07,234 - aqt.updater - INFO - updater 1776 Patching C:\Qt\6.7.3\msvc2019_64\lib\Qt6QuickControlsTestUtils.prl
2026-07-18 17:50:07,234 - aqt.updater - INFO - updater 1776 Patching C:\Qt\6.7.3\msvc2019_64\lib\Qt6QuickControlsTestUtilsd.prl
2026-07-18 17:50:07,234 - aqt.updater - INFO - updater 1776 Patching C:\Qt\6.7.3\msvc2019_64\lib\Qt6Quickd.prl
2026-07-18 17:50:07,234 - aqt.updater - INFO - updater 1776 Patching C:\Qt\6.7.3\msvc2019_64\lib\Qt6QuickDialogs2.prl
2026-07-18 17:50:07,234 - aqt.updater - INFO - updater 1776 Patching C:\Qt\6.7.3\msvc2019_64\lib\Qt6QuickDialogs2d.prl
2026-07-18 17:50:07,234 - aqt.updater - INFO - updater 1776 Patching C:\Qt\6.7.3\msvc2019_64\lib\Qt6QuickDialogs2QuickImpl.prl
2026-07-18 17:50:07,234 - aqt.updater - INFO - updater 1776 Patching C:\Qt\6.7.3\msvc2019_64\lib\Qt6QuickDialogs2QuickImpld.prl
2026-07-18 17:50:07,234 - aqt.updater - INFO - updater 1776 Patching C:\Qt\6.7.3\msvc2019_64\lib\Qt6QuickDialogs2Utils.prl
2026-07-18 17:50:07,234 - aqt.updater - INFO - updater 1776 Patching C:\Qt\6.7.3\msvc2019_64\lib\Qt6QuickDialogs2Utilsd.prl
2026-07-18 17:50:07,234 - aqt.updater - INFO - updater 1776 Patching C:\Qt\6.7.3\msvc2019_64\lib\Qt6QuickEffects.prl
2026-07-18 17:50:07,234 - aqt.updater - INFO - updater 1776 Patching C:\Qt\6.7.3\msvc2019_64\lib\Qt6QuickEffectsd.prl
2026-07-18 17:50:07,234 - aqt.updater - INFO - updater 1776 Patching C:\Qt\6.7.3\msvc2019_64\lib\Qt6QuickLayouts.prl
2026-07-18 17:50:07,234 - aqt.updater - INFO - updater 1776 Patching C:\Qt\6.7.3\msvc2019_64\lib\Qt6QuickLayoutsd.prl
2026-07-18 17:50:07,234 - aqt.updater - INFO - updater 1776 Patching C:\Qt\6.7.3\msvc2019_64\lib\Qt6QuickParticles.prl
2026-07-18 17:50:07,234 - aqt.updater - INFO - updater 1776 Patching C:\Qt\6.7.3\msvc2019_64\lib\Qt6QuickParticlesd.prl
2026-07-18 17:50:07,234 - aqt.updater - INFO - updater 1776 Patching C:\Qt\6.7.3\msvc2019_64\lib\Qt6QuickShapes.prl
2026-07-18 17:50:07,234 - aqt.updater - INFO - updater 1776 Patching C:\Qt\6.7.3\msvc2019_64\lib\Qt6QuickShapesd.prl
2026-07-18 17:50:07,234 - aqt.updater - INFO - updater 1776 Patching C:\Qt\6.7.3\msvc2019_64\lib\Qt6QuickTemplates2.prl
2026-07-18 17:50:07,234 - aqt.updater - INFO - updater 1776 Patching C:\Qt\6.7.3\msvc2019_64\lib\Qt6QuickTemplates2d.prl
2026-07-18 17:50:07,234 - aqt.updater - INFO - updater 1776 Patching C:\Qt\6.7.3\msvc2019_64\lib\Qt6QuickTest.prl
2026-07-18 17:50:07,234 - aqt.updater - INFO - updater 1776 Patching C:\Qt\6.7.3\msvc2019_64\lib\Qt6QuickTestd.prl
2026-07-18 17:50:07,249 - aqt.updater - INFO - updater 1776 Patching C:\Qt\6.7.3\msvc2019_64\lib\Qt6QuickTestUtils.prl
2026-07-18 17:50:07,249 - aqt.updater - INFO - updater 1776 Patching C:\Qt\6.7.3\msvc2019_64\lib\Qt6QuickTestUtilsd.prl
2026-07-18 17:50:07,251 - aqt.updater - INFO - updater 1776 Patching C:\Qt\6.7.3\msvc2019_64\lib\Qt6QuickWidgets.prl
2026-07-18 17:50:07,251 - aqt.updater - INFO - updater 1776 Patching C:\Qt\6.7.3\msvc2019_64\lib\Qt6QuickWidgetsd.prl
2026-07-18 17:50:07,251 - aqt.updater - INFO - updater 1776 Patching C:\Qt\6.7.3\msvc2019_64\lib\Qt6Sql.prl
2026-07-18 17:50:07,251 - aqt.updater - INFO - updater 1776 Patching C:\Qt\6.7.3\msvc2019_64\lib\Qt6Sqld.prl
2026-07-18 17:50:07,251 - aqt.updater - INFO - updater 1776 Patching C:\Qt\6.7.3\msvc2019_64\lib\Qt6Svg.prl
2026-07-18 17:50:07,251 - aqt.updater - INFO - updater 1776 Patching C:\Qt\6.7.3\msvc2019_64\lib\Qt6Svgd.prl
2026-07-18 17:50:07,251 - aqt.updater - INFO - updater 1776 Patching C:\Qt\6.7.3\msvc2019_64\lib\Qt6SvgWidgets.prl
2026-07-18 17:50:07,251 - aqt.updater - INFO - updater 1776 Patching C:\Qt\6.7.3\msvc2019_64\lib\Qt6SvgWidgetsd.prl
2026-07-18 17:50:07,251 - aqt.updater - INFO - updater 1776 Patching C:\Qt\6.7.3\msvc2019_64\lib\Qt6Test.prl
2026-07-18 17:50:07,251 - aqt.updater - INFO - updater 1776 Patching C:\Qt\6.7.3\msvc2019_64\lib\Qt6Testd.prl
2026-07-18 17:50:07,251 - aqt.updater - INFO - updater 1776 Patching C:\Qt\6.7.3\msvc2019_64\lib\Qt6UiTools.prl
2026-07-18 17:50:07,251 - aqt.updater - INFO - updater 1776 Patching C:\Qt\6.7.3\msvc2019_64\lib\Qt6UiToolsd.prl
2026-07-18 17:50:07,251 - aqt.updater - INFO - updater 1776 Patching C:\Qt\6.7.3\msvc2019_64\lib\Qt6Widgets.prl
2026-07-18 17:50:07,251 - aqt.updater - INFO - updater 1776 Patching C:\Qt\6.7.3\msvc2019_64\lib\Qt6Widgetsd.prl
2026-07-18 17:50:07,251 - aqt.updater - INFO - updater 1776 Patching C:\Qt\6.7.3\msvc2019_64\lib\Qt6Xml.prl
2026-07-18 17:50:07,251 - aqt.updater - INFO - updater 1776 Patching C:\Qt\6.7.3\msvc2019_64\lib\Qt6Xmld.prl
2026-07-18 17:50:07,251 - aqt.main - INFO - installer 1776 Finished installation
2026-07-18 17:50:07,251 - aqt.main - INFO - installer 1776 Time elapsed: 25.66599750 second
